c:\users\nyf\source\repos\temp_test\wuzi_test\wz02\debug\vc142.pdb
c:\users\nyf\source\repos\temp_test\wuzi_test\wz02\debug\vc142.idb
c:\users\nyf\source\repos\temp_test\wuzi_test\wz02\debug\main.obj
c:\users\nyf\source\repos\temp_test\wuzi_test\wz02\debug\alphabeta.obj
c:\users\nyf\source\repos\temp_test\wuzi_test\wz02\debug\state.obj
c:\users\nyf\source\repos\temp_test\wuzi_test\wz02\debug\image.obj
c:\users\nyf\source\repos\temp_test\wuzi_test\wz02\debug\file.obj
c:\users\nyf\source\repos\temp_test\wuzi_test\debug\wz02.exe
c:\users\nyf\source\repos\temp_test\wuzi_test\debug\wz02.ilk
c:\users\nyf\source\repos\temp_test\wuzi_test\debug\wz02.pdb
c:\users\nyf\source\repos\temp_test\wuzi_test\wz02\debug\wz02.res
c:\users\nyf\source\repos\temp_test\wuzi_test\wz02\debug\wz02.tlog\cl.command.1.tlog
c:\users\nyf\source\repos\temp_test\wuzi_test\wz02\debug\wz02.tlog\cl.read.1.tlog
c:\users\nyf\source\repos\temp_test\wuzi_test\wz02\debug\wz02.tlog\cl.write.1.tlog
c:\users\nyf\source\repos\temp_test\wuzi_test\wz02\debug\wz02.tlog\link.command.1.tlog
c:\users\nyf\source\repos\temp_test\wuzi_test\wz02\debug\wz02.tlog\link.read.1.tlog
c:\users\nyf\source\repos\temp_test\wuzi_test\wz02\debug\wz02.tlog\link.write.1.tlog
c:\users\nyf\source\repos\temp_test\wuzi_test\wz02\debug\wz02.tlog\rc.command.1.tlog
c:\users\nyf\source\repos\temp_test\wuzi_test\wz02\debug\wz02.tlog\rc.read.1.tlog
c:\users\nyf\source\repos\temp_test\wuzi_test\wz02\debug\wz02.tlog\rc.write.1.tlog
